[2015-05-25 17:12:31] START
[2015-05-25 22:36:59] CREATE basics.py: 0
[2015-05-25 22:37:54] EDIT pluralsight/controllers/basics.py: 4
[2015-05-25 22:38:37] CREATE basics/helloworld.html: 0
[2015-05-25 22:39:29] DELETE pluralsight/controllers/basics.py: -5
[2015-05-25 22:39:36] DELETE pluralsight/views/basics/helloworld.html: -3
[2015-05-25 22:41:10] CREATE basics.py: 0
[2015-05-25 22:42:29] DELETE pluralsight/controllers/basics.py: -1
[2015-05-25 22:44:01] CREATE basics.py: 0
[2015-05-25 22:45:14] EDIT pluralsight/controllers/basics.py: 4
[2015-05-25 22:46:01] CREATE basics/helloworld.html: 0
[2015-05-25 22:47:03] EDIT pluralsight/views/basics/helloworld.html: 2
[2015-05-25 22:47:56] EDIT pluralsight/views/basics/helloworld.html: 3
[2015-05-27 21:38:33] EDIT pluralsight/controllers/basics.py: 13
[2015-05-27 21:38:59] CREATE basics/request_object.html: 0
[2015-05-27 21:39:21] EDIT pluralsight/views/basics/request_object.html: 0
[2015-05-27 21:45:58] EDIT pluralsight/views/basics/request_object.html: 4
[2015-05-27 21:46:49] EDIT pluralsight/views/basics/request_object.html: 0
[2015-05-27 21:47:34] EDIT pluralsight/views/basics/request_object.html: 0
[2015-05-27 21:53:25] EDIT pluralsight/views/basics/request_object.html: 7
[2015-05-27 21:53:56] EDIT pluralsight/views/basics/request_object.html: 3
[2015-05-27 21:54:17] EDIT pluralsight/views/basics/request_object.html: 0
[2015-05-27 21:54:45] EDIT pluralsight/views/basics/request_object.html: 0
[2015-05-27 21:55:00] EDIT pluralsight/views/basics/request_object.html: 0
[2015-05-27 21:55:59] EDIT pluralsight/views/basics/request_object.html: -4
[2015-05-27 22:02:58] EDIT pluralsight/controllers/basics.py: 5
[2015-05-27 22:03:14] CREATE basics/add2.html: 0
[2015-05-27 22:04:11] EDIT pluralsight/views/basics/add2.html: 2
[2015-05-27 22:04:34] EDIT pluralsight/views/basics/add2.html: 0
[2015-05-27 22:04:47] EDIT pluralsight/views/basics/add2.html: 0
[2015-05-27 22:04:58] EDIT pluralsight/views/basics/add2.html: 0
[2015-05-27 22:16:22] EDIT pluralsight/controllers/basics.py: -1
[2015-05-27 22:35:36] EDIT pluralsight/views/basics/add2.html: 0
[2015-05-29 21:27:43] EDIT pluralsight/controllers/basics.py: 0
[2015-05-29 21:28:16] EDIT pluralsight/controllers/basics.py: 0
[2015-05-29 21:28:58] EDIT pluralsight/views/basics/request_object.html: 1
[2015-05-29 21:29:14] EDIT pluralsight/views/basics/request_object.html: -1
[2015-05-29 21:30:12] EDIT pluralsight/views/basics/request_object.html: 4
[2015-05-29 21:31:13] EDIT pluralsight/controllers/basics.py: 0
[2015-05-29 21:34:51] EDIT pluralsight/views/basics/request_object.html: 1
[2015-05-29 22:03:43] EDIT pluralsight/controllers/basics.py: 5
[2015-05-29 22:04:05] CREATE basics/request_args.html: 0
[2015-05-29 22:04:51] EDIT pluralsight/views/basics/request_args.html: 2
[2015-05-29 22:11:59] EDIT pluralsight/controllers/basics.py: 4
[2015-05-29 22:12:23] CREATE basics/request_vars.html: 0
[2015-05-29 22:14:32] EDIT pluralsight/views/basics/request_vars.html: 7
[2015-05-29 22:15:35] EDIT pluralsight/controllers/basics.py: 1
[2015-05-29 22:17:53] EDIT pluralsight/views/basics/request_vars.html: 3
[2015-05-29 22:18:35] EDIT pluralsight/views/basics/request_vars.html: 0
[2015-05-29 22:20:35] EDIT pluralsight/views/basics/request_vars.html: 0
[2015-05-29 22:22:12] EDIT pluralsight/views/basics/request_vars.html: 1
[2015-05-29 22:26:48] EDIT pluralsight/controllers/basics.py: 4
[2015-05-29 22:27:45] EDIT pluralsight/controllers/basics.py: 0
[2015-05-29 22:28:49] EDIT pluralsight/views/basics/request_vars.html: -3
[2015-05-29 22:29:20] EDIT pluralsight/views/basics/request_vars.html: 0
[2015-05-29 22:29:30] EDIT pluralsight/views/basics/request_vars.html: 0
[2015-05-29 22:30:19] EDIT pluralsight/views/basics/request_vars.html: 0
[2015-05-29 22:31:20] EDIT pluralsight/controllers/basics.py: 0
[2015-05-29 22:39:13] EDIT pluralsight/views/basics/request_vars.html: -1
[2015-05-29 22:40:32] DELETE pluralsight/views/basics/request_vars.html: -10
[2015-05-29 22:41:00] EDIT pluralsight/controllers/basics.py: -9
[2015-05-29 22:41:10] EDIT pluralsight/controllers/basics.py: 0
[2015-05-29 22:43:23] EDIT pluralsight/controllers/basics.py: 9
[2015-05-29 22:43:47] CREATE basics/request_vars.html: 0
[2015-05-29 22:47:35] EDIT pluralsight/controllers/basics.py: 0
[2015-05-29 22:47:44] DELETE pluralsight/views/basics/request_vars.html: -3
[2015-05-29 22:48:22] CREATE basics/request_vars.html: 0
[2015-05-29 22:49:54] EDIT pluralsight/views/basics/request_vars.html: 7
[2015-05-29 22:51:31] EDIT pluralsight/controllers/basics.py: -2
[2015-05-29 22:51:52] EDIT pluralsight/views/basics/request_object.html: -6
[2015-05-30 12:14:22] EDIT pluralsight/controllers/basics.py: 1
[2015-05-30 12:15:21] EDIT pluralsight/controllers/basics.py: 0
[2015-05-30 12:17:16] EDIT pluralsight/controllers/basics.py: 0
[2015-05-30 12:17:43] EDIT pluralsight/controllers/basics.py: 0
[2015-05-30 12:20:48] EDIT pluralsight/controllers/basics.py: 0
[2015-05-30 12:21:22] EDIT pluralsight/controllers/basics.py: 0
[2015-05-30 12:47:53] EDIT pluralsight/controllers/basics.py: 11
[2015-05-30 12:48:03] EDIT pluralsight/controllers/basics.py: 0
[2015-05-30 12:48:15] CREATE random_number.html: 0
[2015-05-30 12:48:26] DELETE pluralsight/views/random_number.html: -3
[2015-05-30 12:48:37] CREATE basics/random_number.html: 0
[2015-05-30 12:50:02] EDIT pluralsight/views/basics/random_number.html: 5
[2015-05-30 12:50:36] EDIT pluralsight/controllers/basics.py: 0
[2015-05-30 12:53:00] EDIT pluralsight/controllers/basics.py: 1
[2015-05-30 12:53:07] EDIT pluralsight/controllers/basics.py: 0
[2015-05-31 16:07:33] EDIT pluralsight/models/db.py: 8
[2015-05-31 16:21:49] EDIT pluralsight/models/db.py: 0
[2015-05-31 16:22:05] EDIT pluralsight/models/db.py: 0
[2015-05-31 16:27:39] CREATE blog.py: 0
[2015-05-31 16:28:36] EDIT pluralsight/controllers/blog.py: 3
[2015-05-31 16:29:57] EDIT pluralsight/controllers/blog.py: 3
[2015-05-31 16:33:01] EDIT pluralsight/controllers/blog.py: 0
[2015-05-31 16:36:26] CREATE blog/post.html: 0
[2015-05-31 16:37:03] EDIT pluralsight/views/blog/post.html: 0
[2015-05-31 16:47:21] CREATE blog/view.html: 0
[2015-05-31 16:52:04] EDIT pluralsight/views/blog/view.html: 12
[2015-05-31 16:52:48] EDIT pluralsight/views/blog/view.html: 0
[2015-05-31 16:53:09] EDIT pluralsight/views/blog/view.html: 0
[2015-05-31 16:53:34] EDIT pluralsight/views/blog/view.html: 0
[2015-05-31 16:54:28] EDIT pluralsight/views/blog/view.html: 0
[2015-05-31 16:54:55] EDIT pluralsight/views/blog/view.html: 0
[2015-05-31 16:57:33] EDIT pluralsight/views/blog/view.html: 2
[2015-05-31 16:59:37] EDIT pluralsight/views/blog/view.html: -2
[2015-05-31 17:02:50] EDIT pluralsight/views/blog/view.html: 1
[2015-05-31 17:03:08] EDIT pluralsight/views/blog/view.html: 0
[2015-06-06 12:47:09] EDIT pluralsight/controllers/blog.py: 10
[2015-06-06 12:49:29] EDIT pluralsight/controllers/blog.py: 3
[2015-06-06 12:49:48] CREATE blog/display_form.html: 0
[2015-06-06 12:50:11] CREATE blog_thanks.html: 0
[2015-06-06 12:50:36] EDIT pluralsight/views/blog/display_form.html: 0
[2015-06-06 12:52:41] EDIT pluralsight/views/blog_thanks.html: 2
[2015-06-06 14:39:11] EDIT pluralsight/controllers/blog.py: 8
[2015-06-06 14:42:20] EDIT pluralsight/controllers/blog.py: 0
[2015-06-06 14:42:40] CREATE blog/update.html: 0
[2015-06-06 14:42:52] EDIT pluralsight/views/blog/update.html: 0
[2015-06-06 14:43:29] EDIT pluralsight/controllers/blog.py: 0
[2015-06-06 14:47:16] DELETE pluralsight/views/blog/update.html: -3
[2015-06-06 14:48:17] CREATE blog/update.html: 0
[2015-06-06 14:48:38] EDIT pluralsight/views/blog/update.html: 0
[2015-06-10 07:27:01] EDIT pluralsight/models/db.py: 14
[2015-06-10 12:45:28] EDIT pluralsight/models/db.py: 0
[2015-06-10 13:15:21] CREATE contacts.py: 0
[2015-06-10 13:17:03] EDIT pluralsight/controllers/contacts.py: 3
[2015-06-10 13:19:00] EDIT pluralsight/controllers/contacts.py: 0
[2015-06-10 13:19:18] CREATE contacts/data.json: 0
[2015-06-10 13:20:59] EDIT pluralsight/views/contacts/data.json: 0
[2015-06-10 13:21:41] DELETE pluralsight/views/contacts/data.json: -1
[2015-06-10 13:22:04] CREATE contacts/data.xml: 0
[2015-06-10 13:22:17] EDIT pluralsight/views/contacts/data.xml: 0
[2015-06-10 13:22:54] EDIT pluralsight/controllers/contacts.py: 0
[2015-06-10 13:23:16] DELETE pluralsight/views/contacts/data.xml: -1
[2015-06-10 13:30:02] EDIT pluralsight/controllers/contacts.py: 0
[2015-06-10 14:03:16] EDIT pluralsight/controllers/contacts.py: 0
[2015-06-11 11:24:28] EDIT pluralsight/controllers/contacts.py: 14
[2015-06-11 11:29:21] EDIT pluralsight/controllers/contacts.py: 0
[2015-06-11 11:30:49] EDIT pluralsight/controllers/contacts.py: 0
[2015-06-11 11:31:21] EDIT pluralsight/controllers/contacts.py: 0
[2015-06-11 11:31:23] EDIT pluralsight/controllers/contacts.py: 0
[2015-06-11 11:31:49] EDIT pluralsight/controllers/contacts.py: 0
[2015-06-11 11:33:26] EDIT pluralsight/controllers/contacts.py: 0
[2015-06-11 11:35:34] EDIT pluralsight/controllers/contacts.py: 0
[2015-06-11 11:36:55] EDIT pluralsight/controllers/contacts.py: 0
[2015-06-11 14:32:35] EDIT pluralsight/controllers/contacts.py: -2
[2015-06-11 14:35:40] EDIT pluralsight/controllers/contacts.py: 0
[2015-06-11 14:36:26] EDIT pluralsight/controllers/contacts.py: 0
[2015-06-11 14:46:13] EDIT pluralsight/controllers/contacts.py: 0
[2015-06-11 14:46:32] EDIT pluralsight/controllers/contacts.py: 0
[2015-06-11 16:38:45] EDIT pluralsight/controllers/contacts.py: 18
[2015-06-11 16:45:47] EDIT pluralsight/controllers/contacts.py: 0
[2015-06-11 16:50:13] CREATE contacts/add.html: 0
[2015-06-11 16:50:34] EDIT pluralsight/views/contacts/add.html: 0
[2015-06-11 17:01:21] CREATE contacts/view.html: 0
[2015-06-11 17:02:05] EDIT pluralsight/views/contacts/view.html: 12
[2015-06-11 17:02:48] EDIT pluralsight/views/contacts/view.html: 1
[2015-06-11 17:03:28] EDIT pluralsight/views/contacts/view.html: 0
[2015-06-11 17:15:33] EDIT pluralsight/views/contacts/view.html: 5
[2015-06-11 17:16:09] EDIT pluralsight/views/contacts/view.html: 0
[2015-06-11 17:20:00] EDIT pluralsight/views/contacts/view.html: 1
[2015-06-11 17:23:35] EDIT pluralsight/controllers/contacts.py: 0
[2015-06-11 17:25:45] CREATE contacts/update.html: 0
[2015-06-11 17:26:07] EDIT pluralsight/views/contacts/update.html: 0
[2015-06-11 17:31:21] EDIT pluralsight/views/contacts/add.html: 1
[2015-06-11 17:31:41] EDIT pluralsight/views/contacts/update.html: 1
[2015-07-05 20:50:46] EDIT pluralsight/controllers/blog.py: 3
[2015-07-15 22:01:07] EDIT pluralsight/models/db.py: 10
[2015-07-15 22:02:19] EDIT pluralsight/models/db.py: 0
[2015-07-15 22:09:54] EDIT pluralsight/models/db.py: 0
[2015-07-15 23:07:20] EDIT pluralsight/models/db.py: 0
[2015-07-15 23:39:12] CREATE products.py: 0
[2015-07-15 23:41:00] EDIT pluralsight/controllers/products.py: 5
[2015-07-15 23:41:20] EDIT pluralsight/controllers/products.py: 0
[2015-07-15 23:41:46] CREATE products/admin_view.html: 0
[2015-07-15 23:42:26] EDIT pluralsight/views/products/admin_view.html: 8
[2015-07-15 23:43:24] EDIT pluralsight/controllers/products.py: 0
[2015-07-15 23:44:21] EDIT pluralsight/controllers/products.py: 0
[2015-07-15 23:45:28] EDIT pluralsight/views/products/admin_view.html: 1
[2015-07-15 23:46:32] EDIT pluralsight/controllers/products.py: 0
[2015-07-15 23:47:17] EDIT pluralsight/views/products/admin_view.html: 1
[2015-07-16 00:06:25] EDIT pluralsight/controllers/products.py: 9
[2015-07-16 00:06:56] CREATE products/admin_view1.html: 0
[2015-07-16 00:07:22] EDIT pluralsight/views/products/admin_view1.html: 0
[2015-07-16 00:09:12] EDIT pluralsight/views/products/admin_view1.html: 1
[2015-07-16 00:11:13] EDIT pluralsight/views/products/admin_view1.html: 10
[2015-07-16 00:12:09] EDIT pluralsight/views/products/admin_view1.html: 0
[2015-07-16 00:16:05] EDIT pluralsight/views/products/admin_view1.html: 0
[2015-07-18 00:59:26] EDIT pluralsight/views/products/admin_view.html: 0
[2015-07-19 20:22:40] EDIT pluralsight/views/products/admin_view1.html: 0
[2015-07-19 21:05:00] EDIT pluralsight/controllers/products.py: 1
[2015-07-19 22:01:15] EDIT pluralsight/models/db.py: 0
[2015-07-19 22:05:28] EDIT pluralsight/models/db.py: 0
[2015-07-19 22:11:10] EDIT pluralsight/models/db.py: 0
[2015-07-19 22:25:07] EDIT pluralsight/models/db.py: 0
[2015-07-19 22:25:32] EDIT pluralsight/models/db.py: 0
[2015-07-19 22:26:15] EDIT pluralsight/models/db.py: 0
[2015-07-19 22:28:24] EDIT pluralsight/models/db.py: 0
[2015-07-19 22:28:58] EDIT pluralsight/models/db.py: 0
[2015-07-19 22:32:31] EDIT pluralsight/models/db.py: 0
[2015-07-19 22:33:37] EDIT pluralsight/models/db.py: 0
[2015-07-19 22:35:56] EDIT pluralsight/models/db.py: 1
[2015-07-19 22:37:01] EDIT pluralsight/models/db.py: 0
[2015-07-19 22:37:09] EDIT pluralsight/views/products/admin_view1.html: 0
[2015-07-19 23:05:13] EDIT pluralsight/models/db.py: 1
[2015-07-19 23:07:23] EDIT pluralsight/models/db.py: 0
[2015-07-19 23:09:32] EDIT pluralsight/models/db.py: 0
[2015-07-19 23:10:10] EDIT pluralsight/models/db.py: 0
[2015-07-19 23:11:44] EDIT pluralsight/models/db.py: 0
[2015-07-19 23:11:59] EDIT pluralsight/models/db.py: -1
[2015-07-22 23:20:25] EDIT pluralsight/models/db.py: 1
[2015-07-22 23:35:56] EDIT pluralsight/models/db.py: -1
[2015-07-26 05:24:47] CREATE factory.py: 0
[2015-07-26 05:29:13] EDIT pluralsight/controllers/factory.py: 17
[2015-07-26 05:29:38] CREATE factory/form.html: 0
[2015-07-26 05:30:09] EDIT pluralsight/views/factory/form.html: 0
[2015-07-26 05:31:03] CREATE factory/formaccepted.html: 0
[2015-07-26 05:31:35] EDIT pluralsight/views/factory/formaccepted.html: 0
[2015-07-26 05:33:33] EDIT pluralsight/views/factory/formaccepted.html: 0
[2015-07-26 05:35:30] EDIT pluralsight/views/factory/formaccepted.html: 2
[2015-07-26 05:36:22] CREATE session.py: 0
[2015-07-26 05:45:36] EDIT pluralsight/controllers/session.py: 7
[2015-07-26 05:47:16] CREATE session/view.html: 0
[2015-07-26 05:48:02] EDIT pluralsight/views/session/view.html: 2
[2015-07-26 06:11:37] DELETE pluralsight/views/session/view.html: -5
[2015-07-26 06:12:12] CREATE session/set.html: 0
[2015-07-26 06:12:27] CREATE session/view.html: 0
[2015-07-26 06:12:50] EDIT pluralsight/views/session/set.html: -1
[2015-07-26 06:13:58] EDIT pluralsight/views/session/view.html: 8
[2015-07-26 06:18:19] EDIT pluralsight/views/session/view.html: 3
[2015-07-26 06:19:42] EDIT pluralsight/views/session/view.html: 0
[2015-07-26 06:22:06] EDIT pluralsight/views/session/view.html: 0
[2015-07-26 06:41:20] DELETE pluralsight/views/factory/form.html: -3
[2015-07-26 06:41:30] DELETE pluralsight/views/factory/formaccepted.html: -5
[2015-07-26 06:42:01] CREATE factory/form.html: 0
[2015-07-26 06:42:16] CREATE factory/formaccepted.html: 0
[2015-07-26 06:42:45] EDIT pluralsight/views/factory/form.html: 0
[2015-07-26 06:46:12] EDIT pluralsight/views/factory/formaccepted.html: 8
[2015-07-26 06:47:43] EDIT pluralsight/views/factory/formaccepted.html: 0
[2015-07-26 07:03:11] EDIT pluralsight/controllers/factory.py: 18
[2015-07-26 07:04:24] EDIT pluralsight/controllers/factory.py: 0
[2015-07-26 07:04:36] EDIT pluralsight/controllers/factory.py: 0
[2015-07-26 07:05:09] CREATE factory/primeform.html: 0
[2015-07-26 07:06:03] EDIT pluralsight/views/factory/primeform.html: 1
[2015-07-26 07:07:03] EDIT pluralsight/controllers/factory.py: 1
[2015-07-26 07:07:47] EDIT pluralsight/controllers/factory.py: 0
[2015-07-26 07:08:06] EDIT pluralsight/controllers/factory.py: 0
[2015-07-26 07:14:22] EDIT pluralsight/views/factory/primeform.html: 1
[2015-07-26 07:15:05] EDIT pluralsight/views/factory/primeform.html: 0
