[2015-05-04 20:18:44] START
[2015-05-04 20:24:05] EDIT farm/models/db.py: 16
[2015-05-04 20:24:33] EDIT farm/models/db.py: 0
[2015-05-04 20:25:21] CREATE products.py: 0
[2015-05-04 20:27:53] EDIT farm/controllers/products.py: 3
[2015-05-04 20:29:14] EDIT farm/controllers/products.py: 3
[2015-05-04 20:29:20] EDIT farm/controllers/products.py: 0
[2015-05-04 20:30:11] CREATE products/post.html: 0
[2015-05-04 20:30:43] EDIT farm/views/products/post.html: 0
[2015-05-04 20:30:58] CREATE products/view.html: 0
[2015-05-04 20:33:26] EDIT farm/views/products/view.html: 14
[2015-05-04 20:36:37] EDIT farm/views/products/post.html: 0
[2015-05-04 20:40:22] EDIT farm/views/products/view.html: 1
[2015-05-04 20:40:58] EDIT farm/views/products/view.html: 0
[2015-05-04 20:41:18] EDIT farm/views/products/view.html: 0
[2015-05-04 20:47:28] EDIT farm/models/db.py: -1
[2015-05-04 20:51:59] EDIT farm/views/products/view.html: 8
[2015-05-04 20:54:59] EDIT farm/views/products/view.html: 1
[2015-05-04 20:55:17] EDIT farm/views/products/view.html: 0
[2015-05-04 20:55:51] EDIT farm/views/products/post.html: 2
[2015-05-04 20:58:45] EDIT farm/models/db.py: 1
[2015-05-04 21:00:56] EDIT farm/controllers/products.py: 0
[2015-05-04 21:01:06] EDIT farm/controllers/products.py: 0
[2015-05-04 21:02:10] EDIT farm/models/db.py: 0
[2015-05-04 21:02:50] EDIT farm/models/db.py: 0
[2015-05-04 21:03:04] EDIT farm/models/db.py: 0
[2015-05-04 21:03:07] EDIT farm/models/db.py: 0
[2015-05-04 21:03:16] EDIT farm/models/db.py: 0
[2015-05-04 21:03:27] EDIT farm/models/db.py: 0
[2015-05-04 21:03:51] EDIT farm/models/db.py: 0
[2015-05-04 21:14:24] EDIT farm/controllers/products.py: 2
[2015-05-04 21:14:33] EDIT farm/controllers/products.py: 0
[2015-05-04 21:14:50] CREATE profile.py: 0
[2015-05-04 21:15:27] CREATE profile/save.html: 0
[2015-05-04 21:15:59] EDIT farm/views/profile/save.html: 0
[2015-05-04 21:20:41] EDIT farm/controllers/profile.py: 10
[2015-05-04 21:21:32] EDIT farm/controllers/profile.py: 1
[2015-05-04 21:22:16] EDIT farm/views/profile/save.html: 3
[2015-05-04 21:26:23] EDIT farm/controllers/profile.py: 1
[2015-05-04 21:27:02] EDIT farm/controllers/profile.py: 0
[2015-05-04 21:27:15] EDIT farm/controllers/profile.py: 0
[2015-05-04 21:27:40] EDIT farm/controllers/profile.py: 0
[2015-05-04 21:29:21] EDIT farm/controllers/profile.py: 0
[2015-05-04 21:46:01] EDIT farm/controllers/products.py: 1
[2015-05-04 21:46:30] EDIT farm/controllers/products.py: 0
[2015-05-04 21:49:34] EDIT farm/controllers/products.py: 0
[2015-05-04 21:49:59] EDIT farm/controllers/products.py: 0
[2015-05-04 21:50:32] EDIT farm/controllers/products.py: 0
[2015-05-04 21:56:26] EDIT farm/controllers/products.py: 0
[2015-05-04 21:57:41] EDIT farm/controllers/products.py: 0
[2015-05-04 21:57:45] EDIT farm/controllers/products.py: 0
[2015-05-04 22:00:37] EDIT farm/controllers/profile.py: 0
[2015-05-04 22:03:05] EDIT farm/controllers/products.py: 5
[2015-05-04 22:03:10] EDIT farm/controllers/products.py: 0
[2015-05-04 22:08:54] EDIT farm/controllers/products.py: 1
[2015-05-04 22:17:04] EDIT farm/controllers/products.py: -1
[2015-05-04 22:23:23] EDIT farm/controllers/profile.py: 0
[2015-05-04 22:23:53] EDIT farm/controllers/profile.py: 0
[2015-05-04 22:32:46] EDIT farm/views/products/post.html: 0
[2015-05-04 22:33:17] EDIT farm/views/products/post.html: 0
[2015-05-04 22:33:55] EDIT farm/views/products/post.html: 0
[2015-05-04 22:36:41] EDIT farm/views/profile/save.html: 2
[2015-05-04 22:38:36] EDIT farm/views/profile/save.html: 3
[2015-05-04 22:49:35] EDIT farm/views/profile/save.html: 0
[2015-05-04 22:51:39] EDIT farm/views/profile/save.html: 8
[2015-05-04 22:52:22] EDIT farm/views/profile/save.html: 7
[2015-05-04 23:02:49] EDIT farm/controllers/profile.py: -3
[2015-05-04 23:03:33] EDIT farm/views/profile/save.html: -18
[2015-05-04 23:06:28] EDIT farm/views/profile/save.html: 1
[2015-05-04 23:12:43] EDIT farm/controllers/profile.py: 0
[2015-05-04 23:15:03] EDIT farm/views/profile/save.html: -1
[2015-05-04 23:15:51] EDIT farm/controllers/profile.py: 1
[2015-05-04 23:18:58] EDIT farm/controllers/profile.py: 1
[2015-05-04 23:19:14] EDIT farm/controllers/profile.py: -1
[2015-05-06 22:21:28] EDIT farm/controllers/products.py: 4
[2015-05-06 22:21:42] CREATE products/myposts.html: 0
[2015-05-06 22:22:03] EDIT farm/views/products/myposts.html: 0
[2015-05-06 22:22:51] EDIT farm/controllers/products.py: 0
[2015-05-06 22:24:05] EDIT farm/controllers/products.py: 0
[2015-05-06 22:24:42] EDIT farm/controllers/products.py: 0
[2015-05-06 22:25:51] EDIT farm/controllers/products.py: 0
[2015-05-06 22:29:08] EDIT farm/views/products/myposts.html: 27
[2015-05-06 22:29:21] EDIT farm/views/products/myposts.html: 0
[2015-05-06 22:29:49] EDIT farm/views/products/myposts.html: 0
[2015-05-06 22:32:59] EDIT farm/controllers/products.py: 9
[2015-05-06 22:33:59] CREATE products/update.html: 0
[2015-05-06 22:34:24] EDIT farm/views/products/update.html: 0
[2015-05-06 22:41:19] EDIT farm/views/products/myposts.html: 1
[2015-05-06 22:41:48] EDIT farm/views/products/update.html: 3
[2015-05-06 22:42:09] EDIT farm/views/products/update.html: 0
[2015-05-06 22:43:02] EDIT farm/views/products/update.html: 0
[2015-05-06 22:48:50] EDIT farm/views/products/view.html: 3
[2015-05-06 22:53:29] EDIT farm/controllers/products.py: 4
[2015-05-06 22:53:53] EDIT farm/controllers/products.py: 0
[2015-05-06 22:54:06] EDIT farm/controllers/products.py: 0
[2015-05-06 22:55:12] EDIT farm/views/products/view.html: 0
[2015-05-06 22:56:01] EDIT farm/controllers/products.py: 0
[2015-05-06 22:57:12] EDIT farm/views/products/view.html: 0
[2015-05-06 23:01:21] EDIT farm/controllers/default.py: 1
[2015-05-06 23:35:01] EDIT farm/views/products/post.html: 0
[2015-05-06 23:40:53] EDIT farm/controllers/products.py: -1
[2015-05-07 21:22:59] EDIT farm/views/products/view.html: 5
[2015-05-07 21:23:09] EDIT farm/views/products/view.html: 0
[2015-05-10 15:00:39] EDIT farm/views/products/view.html: 0
[2015-05-10 15:04:27] EDIT farm/views/products/view.html: 0
[2015-05-10 15:05:22] EDIT farm/views/products/view.html: 0
[2015-05-10 15:19:13] EDIT farm/controllers/products.py: 4
[2015-05-10 15:19:45] CREATE products/proc.html: 0
[2015-05-10 15:21:34] EDIT farm/views/products/proc.html: 0
[2015-05-10 15:23:39] EDIT farm/controllers/products.py: -1
[2015-05-10 15:24:18] EDIT farm/controllers/products.py: 0
[2015-05-10 15:28:11] EDIT farm/views/products/view.html: 1
[2015-05-10 15:29:02] EDIT farm/controllers/products.py: 1
[2015-05-10 15:29:52] EDIT farm/views/products/proc.html: 1
[2015-05-10 16:01:53] EDIT farm/models/db.py: 7
[2015-05-10 16:03:34] EDIT farm/models/db.py: 0
[2015-05-10 16:09:35] EDIT farm/controllers/products.py: 3
[2015-05-10 16:12:04] EDIT farm/controllers/products.py: 0
[2015-05-10 16:13:11] EDIT farm/models/db.py: 0
[2015-05-10 16:14:03] EDIT farm/models/db.py: 0
[2015-05-10 16:14:20] EDIT farm/models/db.py: 0
[2015-05-10 16:14:20] EDIT farm/models/db.py: 0
[2015-05-10 16:14:59] EDIT farm/models/db.py: 0
[2015-05-10 16:15:43] EDIT farm/models/db.py: 0
[2015-05-10 16:19:06] EDIT farm/models/db.py: 0
[2015-05-10 16:56:43] EDIT farm/controllers/products.py: 1
[2015-05-10 16:59:29] EDIT farm/controllers/products.py: 0
[2015-05-10 17:26:20] EDIT farm/models/db.py: 0
[2015-05-10 17:32:30] EDIT farm/controllers/products.py: 1
[2015-05-10 17:33:27] EDIT farm/controllers/products.py: 0
[2015-05-10 17:34:47] EDIT farm/controllers/products.py: 0
[2015-05-10 17:36:05] EDIT farm/controllers/products.py: 0
[2015-05-10 17:39:44] EDIT farm/models/db.py: 0
[2015-05-10 17:43:02] EDIT farm/controllers/products.py: 0
[2015-05-10 19:37:41] EDIT farm/controllers/products.py: 1
[2015-05-10 19:38:05] EDIT farm/controllers/products.py: 1
[2015-05-10 19:39:46] EDIT farm/controllers/products.py: -1
[2015-05-10 19:40:48] EDIT farm/controllers/products.py: 0
[2015-05-10 19:41:30] EDIT farm/controllers/products.py: 0
[2015-05-10 19:43:08] EDIT farm/views/products/proc.html: 1
[2015-05-10 20:03:16] EDIT farm/controllers/products.py: 0
[2015-05-10 20:03:43] EDIT farm/controllers/products.py: 0
[2015-05-10 20:04:34] EDIT farm/controllers/products.py: 0
[2015-05-10 20:04:54] EDIT farm/controllers/products.py: 0
[2015-05-10 20:05:44] EDIT farm/models/db.py: 0
[2015-05-10 20:06:13] EDIT farm/controllers/products.py: 0
[2015-05-10 20:07:51] EDIT farm/models/db.py: 0
[2015-05-10 20:08:16] EDIT farm/controllers/products.py: 0
[2015-05-10 20:11:27] EDIT farm/controllers/products.py: 0
[2015-05-10 20:23:03] EDIT farm/models/db.py: 2
[2015-05-10 20:23:41] EDIT farm/models/db.py: 0
[2015-05-10 20:27:03] EDIT farm/models/db.py: -2
[2015-05-10 20:30:16] EDIT farm/controllers/products.py: 1
[2015-05-10 20:31:01] EDIT farm/controllers/products.py: 0
[2015-05-10 20:34:23] EDIT farm/models/db.py: 0
[2015-05-10 20:35:15] EDIT farm/controllers/products.py: 0
[2015-05-10 20:36:49] EDIT farm/controllers/products.py: 0
[2015-05-10 21:46:31] EDIT farm/controllers/products.py: 0
[2015-05-10 22:01:37] EDIT farm/views/products/proc.html: 8
[2015-05-10 22:02:17] EDIT farm/controllers/products.py: 0
[2015-05-10 22:22:23] EDIT farm/controllers/products.py: 4
[2015-05-10 22:24:46] EDIT farm/views/products/proc.html: 0
[2015-05-10 22:25:53] EDIT farm/views/products/proc.html: 0
[2015-05-10 22:29:01] EDIT farm/views/products/proc.html: 3
[2015-05-10 22:29:43] EDIT farm/views/products/proc.html: 0
[2015-05-10 22:38:14] EDIT farm/controllers/products.py: -1
[2015-05-14 19:04:08] EDIT farm/models/menu.py: 0
[2015-05-14 19:07:01] EDIT farm/models/menu.py: -90
[2015-05-14 19:08:24] EDIT farm/models/menu.py: 0
[2015-05-14 19:39:20] EDIT farm/controllers/products.py: 6
[2015-05-14 19:47:46] EDIT farm/views/products/update.html: 7
[2015-05-14 19:49:23] EDIT farm/views/products/update.html: 0
[2015-05-14 19:49:54] EDIT farm/views/products/update.html: 0
[2015-07-29 23:52:49] EDIT farm/controllers/profile.py: 1
[2015-07-29 23:55:16] EDIT farm/controllers/profile.py: 0
[2015-07-29 23:55:54] EDIT farm/controllers/profile.py: -1
[2015-08-05 19:58:11] EDIT farm/models/db.py: 0
[2015-08-05 19:58:26] EDIT farm/models/db.py: 0
[2015-08-05 19:58:41] EDIT farm/models/db.py: 0
[2015-08-05 19:59:23] EDIT farm/models/db.py: 0
